#
# A fatal error has been detected by the Java Runtime Environment:
#
#  SIGSEGV (0xb) at pc=0x00007fff942284dd, pid=19552, tid=2571
#
# JRE version: Java(TM) SE Runtime Environment (8.0_66-b17) (build 1.8.0_66-b17)
# Java VM: Java HotSpot(TM) 64-Bit Server VM (25.66-b17 mixed mode bsd-amd64 compressed oops)
# Problematic frame:
# C  [libobjc.A.dylib+0x14dd]  objc_msgSend+0x1d
#
# Failed to write core dump. Core dumps have been disabled. To enable core dumping, try "ulimit -c unlimited" before starting Java again
#
# If you would like to submit a bug report, please visit:
#   http://bugreport.java.com/bugreport/crash.jsp
# The crash happened outside the Java Virtual Machine in native code.
# See problematic frame for where to report the bug.
#

---------------  T H R E A D  ---------------

Current thread (0x00007f80b3acf000):  JavaThread "AWT-AppKit" daemon [_thread_in_native, id=2571, stack(0x00007fff56e88000,0x00007fff57688000)]

siginfo: si_signo: 11 (SIGSEGV), si_code: 1 (SEGV_MAPERR), si_addr: 0x0000000000000018

Registers:
RAX=0x00007f80ba20c2c0, RBX=0x000000012a991450, RCX=0x0000000198b76480, RDX=0x0000000198b763c0
RSP=0x00007fff57680738, RBP=0x00007fff576807f0, RSI=0x00007fff887e5cbe, RDI=0x00007f80b9d4dcc0
R8 =0x0000000000000000, R9 =0x00000000000008b0, R10=0x00007fff887e5cbe, R11=0x0000000000000000
R12=0x0000000000000000, R13=0x000000012e29c888, R14=0x000000012a991440, R15=0x00007f80b3acf000
RIP=0x00007fff942284dd, EFLAGS=0x0000000000010246, ERR=0x0000000000000004
  TRAPNO=0x000000000000000e

Top of Stack: (sp=0x00007fff57680738)
0x00007fff57680738:   000000012a98f157 0000000000000000
0x00007fff57680748:   00007f80b9fcbd40 00007fff927ac7a0
0x00007fff57680758:   0000000000000000 00007f80b5035db0
0x00007fff57680768:   00007f80b2f3d430 00007f80ba20c2c0
0x00007fff57680778:   000000012a9916a0 000000012a991710
0x00007fff57680788:   00007fff78e48770 00007fff7877f500
0x00007fff57680798:   000000012a991450 000000012a991690
0x00007fff576807a8:   00007f80ba20c2c0 00007f80b9d4dcc0
0x00007fff576807b8:   00007f80b5029fa0 00007f80ba20c2c0
0x00007fff576807c8:   00007f80b9d4dcc0 00007fff57680870
0x00007fff576807d8:   00007f80b3acf1f8 000000012e29c888
0x00007fff576807e8:   00007fff57680898 00007fff57680860
0x00007fff576807f8:   000000010b19b954 0000000108e27600
0x00007fff57680808:   000000000000002f 00007f80ba2fc080
0x00007fff57680818:   00007f80ba20e5c0 00007fff57680820
0x00007fff57680828:   0000000000000000 00007fff57680898
0x00007fff57680838:   000000012e2e5498 0000000000000000
0x00007fff57680848:   000000012e29c888 0000000000000000
0x00007fff57680858:   00007fff57680880 00007fff576808e0
0x00007fff57680868:   000000010b18dc4d 00000006c0130108
0x00007fff57680878:   000000010b195578 00007f80ba20c2c0
0x00007fff57680888:   0000000000000000 00007f80b9d4dcc0
0x00007fff57680898:   00007fff9ae7efe2 00007fff576808a0
0x00007fff576808a8:   000000012e29ca52 00007fff57680908
0x00007fff576808b8:   000000012e2e5498 0000000000000000
0x00007fff576808c8:   000000012e29ca60 00007fff57680880
0x00007fff576808d8:   00007fff576808f0 00007fff57680950
0x00007fff576808e8:   000000010b18dc4d 00007f80ba20c2c0
0x00007fff576808f8:   000000076bb8cdc0 00007f80b9d4dcc0
0x00007fff57680908:   000000076bb8cdc0 00007fff57680910
0x00007fff57680918:   000000012e3195f6 00007fff57680960
0x00007fff57680928:   000000012e3196b0 0000000000000000 

Instructions: (pc=0x00007fff942284dd)
0x00007fff942284bd:   44 00 00 48 85 ff 2e 74 62 40 f6 c7 01 2e 75 66
0x00007fff942284cd:   49 bb f8 ff ff ff ff 7f 00 00 4c 23 1f 49 89 f2
0x00007fff942284dd:   45 23 53 18 49 c1 e2 04 4d 03 53 10 49 3b 32 75
0x00007fff942284ed:   04 41 ff 62 08 49 83 3a 01 76 0d 49 83 c2 10 49 

Register to memory mapping:

RAX=0x00007f80ba20c2c0 is an unknown value
RBX=0x000000012a991450: Java_jogamp_nativewindow_macosx_OSXUtil_GetScreenRefreshRate0+0x1cf0 in /private/var/folders/td/djw6lgtj5tx3f27yqjn1qk240000gp/T/jogamp_0000/file_cache/jln6271106923964908699/jln8600969762585133251/libnativewindow_macosx.jnilib at 0x000000012a98a000
RCX=0x0000000198b76480 is an unknown value
RDX=0x0000000198b763c0 is an unknown value
RSP=0x00007fff57680738 is pointing into the stack for thread: 0x00007f80b3acf000
RBP=0x00007fff576807f0 is pointing into the stack for thread: 0x00007f80b3acf000
RSI=0x00007fff887e5cbe is an unknown value
RDI=0x00007f80b9d4dcc0 is an unknown value
R8 =0x0000000000000000 is an unknown value
R9 =0x00000000000008b0 is an unknown value
R10=0x00007fff887e5cbe is an unknown value
R11=0x0000000000000000 is an unknown value
R12=0x0000000000000000 is an unknown value
R13={method} {0x000000012e29c888} 'UnsetJAWTRootSurfaceLayer0' '(JJ)V' in 'jogamp/nativewindow/jawt/macosx/MacOSXJAWTWindow'
R14=0x000000012a991440: Java_jogamp_nativewindow_macosx_OSXUtil_GetScreenRefreshRate0+0x1ce0 in /private/var/folders/td/djw6lgtj5tx3f27yqjn1qk240000gp/T/jogamp_0000/file_cache/jln6271106923964908699/jln8600969762585133251/libnativewindow_macosx.jnilib at 0x000000012a98a000
R15=0x00007f80b3acf000 is a thread


Stack: [0x00007fff56e88000,0x00007fff57688000],  sp=0x00007fff57680738,  free space=8161k
Native frames: (J=compiled Java code, j=interpreted, Vv=VM code, C=native code)
C  [libobjc.A.dylib+0x14dd]  objc_msgSend+0x1d
j  jogamp.nativewindow.jawt.macosx.MacOSXJAWTWindow.UnsetJAWTRootSurfaceLayer0(JJ)V+0
j  jogamp.nativewindow.jawt.macosx.MacOSXJAWTWindow.access$200(JJ)V+2
j  jogamp.nativewindow.jawt.macosx.MacOSXJAWTWindow$1.run()V+38
j  com.jogamp.common.util.RunnableTask.run()V+24
v  ~StubRoutines::call_stub
V  [libjvm.dylib+0x2ea35e]
V  [libjvm.dylib+0x321467]
V  [libjvm.dylib+0x313c3b]
C  [libnativewindow_macosx.jnilib+0x5326]  Java_jogamp_nativewindow_jawt_macosx_MacOSXJAWTWindow_UnsetJAWTRootSurfaceLayer0+0x2b6
C  [Foundation+0x76fde]  __NSThreadPerformPerform+0x117
C  [CoreFoundation+0xaa7e1]  __CFRUNLOOP_IS_CALLING_OUT_TO_A_SOURCE0_PERFORM_FUNCTION__+0x11
C  [CoreFoundation+0x89f1c]  __CFRunLoopDoSources0+0x22c
C  [CoreFoundation+0x8943f]  __CFRunLoopRun+0x39f
C  [CoreFoundation+0x88e38]  CFRunLoopRunSpecific+0x128
C  [HIToolbox+0x30935]  RunCurrentEventLoopInMode+0xeb
C  [HIToolbox+0x30677]  ReceiveNextEventCommon+0xb8
C  [HIToolbox+0x305af]  _BlockUntilNextEventMatchingListInModeWithFilter+0x47
C  [AppKit+0x48df6]  _DPSNextEvent+0x42b
C  [AppKit+0x48226]  -[NSApplication _nextEventMatchingEventMask:untilDate:inMode:dequeue:]+0x1c6
C  [libosxapp.dylib+0x23aa]  -[NSApplicationAWT nextEventMatchingMask:untilDate:inMode:dequeue:]+0x7c
C  [AppKit+0x3cd80]  -[NSApplication run]+0x2aa
C  [libosxapp.dylib+0x214d]  +[NSApplicationAWT runAWTLoopWithApp:]+0x9c
C  [libawt_lwawt.dylib+0x4455b]  -[AWTStarter starter:]+0x389
C  [Foundation+0x76fde]  __NSThreadPerformPerform+0x117
C  [CoreFoundation+0xaa7e1]  __CFRUNLOOP_IS_CALLING_OUT_TO_A_SOURCE0_PERFORM_FUNCTION__+0x11
C  [CoreFoundation+0x89f1c]  __CFRunLoopDoSources0+0x22c
C  [CoreFoundation+0x8943f]  __CFRunLoopRun+0x39f
C  [CoreFoundation+0x88e38]  CFRunLoopRunSpecific+0x128
C  [java+0x6463]  CreateExecutionEnvironment+0x367
C  [java+0x21ac]  JLI_Launch+0x7a0
C  [java+0x84c0]  main+0x65
C  [java+0x1a04]  start+0x34
C  0x0000000000000009

Java frames: (J=compiled Java code, j=interpreted, Vv=VM code)
j  jogamp.nativewindow.jawt.macosx.MacOSXJAWTWindow.UnsetJAWTRootSurfaceLayer0(JJ)V+0
j  jogamp.nativewindow.jawt.macosx.MacOSXJAWTWindow.access$200(JJ)V+2
j  jogamp.nativewindow.jawt.macosx.MacOSXJAWTWindow$1.run()V+38
j  com.jogamp.common.util.RunnableTask.run()V+24
v  ~StubRoutines::call_stub

---------------  P R O C E S S  ---------------

Java Threads: ( => current thread )
  0x00007f80b4c94000 JavaThread "TimerQueue" daemon [_thread_blocked, id=78851, stack(0x0000700002f30000,0x0000700003030000)]
  0x00007f80b4b3b000 JavaThread "J3D-InputDeviceScheduler-1" [_thread_blocked, id=78339, stack(0x0000700002e2d000,0x0000700002f2d000)]
  0x00007f80b6cb1800 JavaThread "J3D-SoundSchedulerUpdateThread-1" [_thread_blocked, id=77827, stack(0x0000700002d2a000,0x0000700002e2a000)]
  0x00007f80b3003800 JavaThread "J3D-RenderStructureUpdateThread-1" [_thread_blocked, id=77315, stack(0x0000700002c27000,0x0000700002d27000)]
  0x00007f80b4a3b000 JavaThread "J3D-BehaviorScheduler-1" [_thread_blocked, id=76803, stack(0x0000700002b24000,0x0000700002c24000)]
  0x00007f80b3f5b800 JavaThread "J3D-TransformStructureUpdateThread-1" [_thread_blocked, id=76291, stack(0x0000700002a21000,0x0000700002b21000)]
  0x00007f80b3cf2800 JavaThread "J3D-RenderingEnvironmentStructureUpdateThread-1" [_thread_blocked, id=75779, stack(0x000070000291e000,0x0000700002a1e000)]
  0x00007f80b3cf2000 JavaThread "J3D-SoundStructureUpdateThread-1" [_thread_blocked, id=75275, stack(0x000070000281b000,0x000070000291b000)]
  0x00007f80b40c3000 JavaThread "J3D-GeometryStructureUpdateThread-1" [_thread_blocked, id=74771, stack(0x0000700002718000,0x0000700002818000)]
  0x00007f80b4b53000 JavaThread "J3D-BehaviorStructureUpdateThread-1" [_thread_blocked, id=74535, stack(0x0000700002615000,0x0000700002715000)]
  0x00007f80b6c71000 JavaThread "J3D-Renderer-1" [_thread_blocked, id=66307, stack(0x000070000248f000,0x000070000258f000)]
  0x00007f80b4b0d000 JavaThread "J3D-MasterControl-1" [_thread_blocked, id=65795, stack(0x000070000238c000,0x000070000248c000)]
  0x00007f80b4af3800 JavaThread "J3D-NotificationThread" [_thread_blocked, id=65283, stack(0x0000700002289000,0x0000700002389000)]
  0x00007f80b488b000 JavaThread "J3D-TimerThread" [_thread_blocked, id=64771, stack(0x0000700002186000,0x0000700002286000)]
  0x00007f80b4aae800 JavaThread "J3D-RenderingAttributesStructureUpdateThread" [_thread_blocked, id=64263, stack(0x0000700002083000,0x0000700002183000)]
  0x00007f80b4a29000 JavaThread "Timer-0" daemon [_thread_blocked, id=62991, stack(0x0000700001f80000,0x0000700002080000)]
  0x00007f80b4967800 JavaThread "Java2D Disposer" daemon [_thread_blocked, id=61443, stack(0x0000700001e7d000,0x0000700001f7d000)]
  0x00007f80b6a4e000 JavaThread "Java2D Queue Flusher" daemon [_thread_blocked, id=57095, stack(0x0000700001d7a000,0x0000700001e7a000)]
  0x00007f80b30e4000 JavaThread "Image Fetcher 3" daemon [_thread_blocked, id=55043, stack(0x0000700001c77000,0x0000700001d77000)]
  0x00007f80b300a000 JavaThread "DestroyJavaVM" [_thread_blocked, id=5891, stack(0x000070000011a000,0x000070000021a000)]
  0x00007f80b69c1800 JavaThread "AWT-EventQueue-0" [_thread_in_native, id=47419, stack(0x0000700001b74000,0x0000700001c74000)]
  0x00007f80b5861800 JavaThread "AWT-Shutdown" [_thread_blocked, id=34067, stack(0x0000700001865000,0x0000700001965000)]
=>0x00007f80b3acf000 JavaThread "AWT-AppKit" daemon [_thread_in_native, id=2571, stack(0x00007fff56e88000,0x00007fff57688000)]
  0x00007f80b7000800 JavaThread "snapshooter" daemon [_thread_in_native, id=22531, stack(0x00007000015d9000,0x00007000016d9000)]
  0x00007f80b5802800 JavaThread "Service Thread" daemon [_thread_blocked, id=21507, stack(0x00007000013d3000,0x00007000014d3000)]
  0x00007f80b4006800 JavaThread "C1 CompilerThread3" daemon [_thread_blocked, id=20995, stack(0x00007000012d0000,0x00007000013d0000)]
  0x00007f80b4004000 JavaThread "C2 CompilerThread2" daemon [_thread_blocked, id=20483, stack(0x00007000011cd000,0x00007000012cd000)]
  0x00007f80b4003800 JavaThread "C2 CompilerThread1" daemon [_thread_blocked, id=19971, stack(0x00007000010ca000,0x00007000011ca000)]
  0x00007f80b6011800 JavaThread "C2 CompilerThread0" daemon [_thread_blocked, id=19459, stack(0x0000700000fc7000,0x00007000010c7000)]
  0x00007f80b686b800 JavaThread "Monitor Ctrl-Break" daemon [_thread_in_native, id=18947, stack(0x0000700000ec4000,0x0000700000fc4000)]
  0x00007f80b6856000 JavaThread "Signal Dispatcher" daemon [_thread_blocked, id=15887, stack(0x0000700000dc1000,0x0000700000ec1000)]
  0x00007f80b680e800 JavaThread "Finalizer" daemon [_thread_blocked, id=14339, stack(0x0000700000c3b000,0x0000700000d3b000)]
  0x00007f80b680d800 JavaThread "Reference Handler" daemon [_thread_blocked, id=13827, stack(0x0000700000b38000,0x0000700000c38000)]

Other Threads:
  0x00007f80b3045000 VMThread [stack: 0x0000700000a35000,0x0000700000b35000] [id=13315]
  0x00007f80b604d000 WatcherThread [stack: 0x00007000014d6000,0x00007000015d6000] [id=22019]

VM state:not at safepoint (normal execution)

VM Mutex/Monitor currently owned by a thread: None

Heap:
 PSYoungGen      total 76288K, used 31910K [0x000000076ab00000, 0x0000000770000000, 0x00000007c0000000)
  eden space 65536K, 48% used [0x000000076ab00000,0x000000076ca29b78,0x000000076eb00000)
  from space 10752K, 0% used [0x000000076f580000,0x000000076f580000,0x0000000770000000)
  to   space 10752K, 0% used [0x000000076eb00000,0x000000076eb00000,0x000000076f580000)
 ParOldGen       total 114176K, used 9154K [0x00000006c0000000, 0x00000006c6f80000, 0x000000076ab00000)
  object space 114176K, 8% used [0x00000006c0000000,0x00000006c08f0980,0x00000006c6f80000)
 Metaspace       used 29817K, capacity 30143K, committed 30256K, reserved 1075200K
  class space    used 3546K, capacity 3619K, committed 3632K, reserved 1048576K

Card table byte_map: [0x000000011a546000,0x000000011ad47000] byte_map_base: 0x0000000116f46000

Marking Bits: (ParMarkBitMap*) 0x000000010aadde20
 Begin Bits: [0x000000011b29d000, 0x000000011f29d000)
 End Bits:   [0x000000011f29d000, 0x000000012329d000)

Polling page: 0x00000001090c7000

CodeCache: size=245760Kb used=8438Kb max_used=8438Kb free=237322Kb
 bounds [0x000000010b186000, 0x000000010b9d6000, 0x000000011a186000]
 total_blobs=3292 nmethods=2352 adapters=853
 compilation: enabled

Compilation events (10 events):
Event: 8.574 Thread 0x00007f80b4006800 nmethod 2348 0x000000010b9b6e50 code [0x000000010b9b7100, 0x000000010b9b8a28]
Event: 8.577 Thread 0x00007f80b4006800 2349       3       java.awt.Point::<init> (13 bytes)
Event: 8.577 Thread 0x00007f80b4006800 nmethod 2349 0x000000010b9b8d50 code [0x000000010b9b8ec0, 0x000000010b9b9130]
Event: 8.577 Thread 0x00007f80b4006800 2350       3       java.util.LinkedList$ListItr::hasNext (20 bytes)
Event: 8.578 Thread 0x00007f80b4006800 nmethod 2350 0x000000010b9b9290 code [0x000000010b9b9400, 0x000000010b9b95d0]
Event: 8.578 Thread 0x00007f80b4006800 2351  s    3       javax.media.j3d.UnorderList::toArray (99 bytes)
Event: 8.578 Thread 0x00007f80b4006800 nmethod 2351 0x000000010b9b9690 code [0x000000010b9b9840, 0x000000010b9b9f98]
Event: 8.579 Thread 0x00007f80b4006800 2352       1       com.jogamp.common.nio.StructAccessor::getBuffer (5 bytes)
Event: 8.580 Thread 0x00007f80b4006800 nmethod 2352 0x000000010b9ba110 code [0x000000010b9ba260, 0x000000010b9ba370]
Event: 8.580 Thread 0x00007f80b4006800 2353  s!   3       javax.media.j3d.MasterControl::runMonitor (1532 bytes)

GC Heap History (6 events):
Event: 1.045 GC heap before
{Heap before GC invocations=1 (full 0):
 PSYoungGen      total 76288K, used 65536K [0x000000076ab00000, 0x0000000770000000, 0x00000007c0000000)
  eden space 65536K, 100% used [0x000000076ab00000,0x000000076eb00000,0x000000076eb00000)
  from space 10752K, 0% used [0x000000076f580000,0x000000076f580000,0x0000000770000000)
  to   space 10752K, 0% used [0x000000076eb00000,0x000000076eb00000,0x000000076f580000)
 ParOldGen       total 175104K, used 0K [0x00000006c0000000, 0x00000006cab00000, 0x000000076ab00000)
  object space 175104K, 0% used [0x00000006c0000000,0x00000006c0000000,0x00000006cab00000)
 Metaspace       used 13743K, capacity 13965K, committed 14336K, reserved 1062912K
  class space    used 1369K, capacity 1423K, committed 1536K, reserved 1048576K
Event: 1.055 GC heap after
Heap after GC invocations=1 (full 0):
 PSYoungGen      total 76288K, used 10739K [0x000000076ab00000, 0x0000000770000000, 0x00000007c0000000)
  eden space 65536K, 0% used [0x000000076ab00000,0x000000076ab00000,0x000000076eb00000)
  from space 10752K, 99% used [0x000000076eb00000,0x000000076f57cfd0,0x000000076f580000)
  to   space 10752K, 0% used [0x000000076f580000,0x000000076f580000,0x0000000770000000)
 ParOldGen       total 175104K, used 3560K [0x00000006c0000000, 0x00000006cab00000, 0x000000076ab00000)
  object space 175104K, 2% used [0x00000006c0000000,0x00000006c037a338,0x00000006cab00000)
 Metaspace       used 13743K, capacity 13965K, committed 14336K, reserved 1062912K
  class space    used 1369K, capacity 1423K, committed 1536K, reserved 1048576K
}
Event: 3.397 GC heap before
{Heap before GC invocations=2 (full 0):
 PSYoungGen      total 76288K, used 39191K [0x000000076ab00000, 0x0000000770000000, 0x00000007c0000000)
  eden space 65536K, 43% used [0x000000076ab00000,0x000000076c6c8e18,0x000000076eb00000)
  from space 10752K, 99% used [0x000000076eb00000,0x000000076f57cfd0,0x000000076f580000)
  to   space 10752K, 0% used [0x000000076f580000,0x000000076f580000,0x0000000770000000)
 ParOldGen       total 175104K, used 3560K [0x00000006c0000000, 0x00000006cab00000, 0x000000076ab00000)
  object space 175104K, 2% used [0x00000006c0000000,0x00000006c037a338,0x00000006cab00000)
 Metaspace       used 20920K, capacity 21169K, committed 21296K, reserved 1069056K
  class space    used 2214K, capacity 2306K, committed 2352K, reserved 1048576K
Event: 3.403 GC heap after
Heap after GC invocations=2 (full 0):
 PSYoungGen      total 76288K, used 8877K [0x000000076ab00000, 0x0000000770000000, 0x00000007c0000000)
  eden space 65536K, 0% used [0x000000076ab00000,0x000000076ab00000,0x000000076eb00000)
  from space 10752K, 82% used [0x000000076f580000,0x000000076fe2b700,0x0000000770000000)
  to   space 10752K, 0% used [0x000000076eb00000,0x000000076eb00000,0x000000076f580000)
 ParOldGen       total 175104K, used 3568K [0x00000006c0000000, 0x00000006cab00000, 0x000000076ab00000)
  object space 175104K, 2% used [0x00000006c0000000,0x00000006c037c338,0x00000006cab00000)
 Metaspace       used 20920K, capacity 21169K, committed 21296K, reserved 1069056K
  class space    used 2214K, capacity 2306K, committed 2352K, reserved 1048576K
}
Event: 3.403 GC heap before
{Heap before GC invocations=3 (full 1):
 PSYoungGen      total 76288K, used 8877K [0x000000076ab00000, 0x0000000770000000, 0x00000007c0000000)
  eden space 65536K, 0% used [0x000000076ab00000,0x000000076ab00000,0x000000076eb00000)
  from space 10752K, 82% used [0x000000076f580000,0x000000076fe2b700,0x0000000770000000)
  to   space 10752K, 0% used [0x000000076eb00000,0x000000076eb00000,0x000000076f580000)
 ParOldGen       total 175104K, used 3568K [0x00000006c0000000, 0x00000006cab00000, 0x000000076ab00000)
  object space 175104K, 2% used [0x00000006c0000000,0x00000006c037c338,0x00000006cab00000)
 Metaspace       used 20920K, capacity 21169K, committed 21296K, reserved 1069056K
  class space    used 2214K, capacity 2306K, committed 2352K, reserved 1048576K
Event: 3.425 GC heap after
Heap after GC invocations=3 (full 1):
 PSYoungGen      total 76288K, used 0K [0x000000076ab00000, 0x0000000770000000, 0x00000007c0000000)
  eden space 65536K, 0% used [0x000000076ab00000,0x000000076ab00000,0x000000076eb00000)
  from space 10752K, 0% used [0x000000076f580000,0x000000076f580000,0x0000000770000000)
  to   space 10752K, 0% used [0x000000076eb00000,0x000000076eb00000,0x000000076f580000)
 ParOldGen       total 114176K, used 9154K [0x00000006c0000000, 0x00000006c6f80000, 0x000000076ab00000)
  object space 114176K, 8% used [0x00000006c0000000,0x00000006c08f0980,0x00000006c6f80000)
 Metaspace       used 20920K, capacity 21169K, committed 21296K, reserved 1069056K
  class space    used 2214K, capacity 2306K, committed 2352K, reserved 1048576K
}

Deoptimization events (10 events):
Event: 4.084 Thread 0x00007f80b69c1800 Uncommon trap: reason=unstable_if action=reinterpret pc=0x000000010b74deac method=sun.awt.SunToolkit.getAppContext(Ljava/lang/Object;)Lsun/awt/AppContext; @ 4
Event: 4.111 Thread 0x00007f80b69c1800 Uncommon trap: reason=unstable_if action=reinterpret pc=0x000000010b3878e0 method=java.lang.CharacterData.of(I)Ljava/lang/CharacterData; @ 4
Event: 4.174 Thread 0x00007f80b69c1800 Uncommon trap: reason=unstable_if action=reinterpret pc=0x000000010b8312f0 method=javax.swing.RepaintManager.addDirtyRegion0(Ljava/awt/Container;IIII)V @ 78
Event: 5.681 Thread 0x00007f80b69c1800 Uncommon trap: reason=class_check action=maybe_recompile pc=0x000000010b6aafec method=java.util.Hashtable.put(Ljava/lang/Object;Ljava/lang/Object;)Ljava/lang/Object; @ 60
Event: 5.681 Thread 0x00007f80b69c1800 Uncommon trap: reason=class_check action=maybe_recompile pc=0x000000010b6aafec method=java.util.Hashtable.put(Ljava/lang/Object;Ljava/lang/Object;)Ljava/lang/Object; @ 60
Event: 6.221 Thread 0x00007f80b69c1800 Uncommon trap: reason=unstable_if action=reinterpret pc=0x000000010b91bd10 method=java.awt.image.DirectColorModel.getsRGBComponentFromsRGB(II)I @ 20
Event: 6.221 Thread 0x00007f80b69c1800 Uncommon trap: reason=unstable_if action=reinterpret pc=0x000000010b91d2e8 method=java.awt.image.DirectColorModel.getsRGBComponentFromsRGB(II)I @ 20
Event: 6.221 Thread 0x00007f80b69c1800 Uncommon trap: reason=unstable_if action=reinterpret pc=0x000000010b91d868 method=java.awt.image.DirectColorModel.getsRGBComponentFromsRGB(II)I @ 20
Event: 6.221 Thread 0x00007f80b69c1800 Uncommon trap: reason=unstable_if action=reinterpret pc=0x000000010b91c328 method=java.awt.image.DirectColorModel.getsRGBComponentFromsRGB(II)I @ 20
Event: 6.221 Thread 0x00007f80b69c1800 Uncommon trap: reason=unstable_if action=reinterpret pc=0x000000010b911118 method=java.awt.image.DirectColorModel.getsRGBComponentFromsRGB(II)I @ 20

Internal exceptions (10 events):
Event: 3.933 Thread 0x00007f80b69c1800 Exception <a 'java/io/FileNotFoundException'> (0x000000076c02c8d0) thrown at [/HUDSON3/workspace/8-2-build-macosx-x86_64/jdk8u66/4988/hotspot/src/share/vm/prims/jni.cpp, line 709]
Event: 3.934 Thread 0x00007f80b69c1800 Exception <a 'java/io/FileNotFoundException'> (0x000000076c033478) thrown at [/HUDSON3/workspace/8-2-build-macosx-x86_64/jdk8u66/4988/hotspot/src/share/vm/prims/jni.cpp, line 709]
Event: 3.934 Thread 0x00007f80b69c1800 Exception <a 'java/io/FileNotFoundException'> (0x000000076c037548) thrown at [/HUDSON3/workspace/8-2-build-macosx-x86_64/jdk8u66/4988/hotspot/src/share/vm/prims/jni.cpp, line 709]
Event: 3.950 Thread 0x00007f80b69c1800 Exception <a 'java/io/FileNotFoundException'> (0x000000076c229b40) thrown at [/HUDSON3/workspace/8-2-build-macosx-x86_64/jdk8u66/4988/hotspot/src/share/vm/prims/jni.cpp, line 709]
Event: 3.960 Thread 0x00007f80b69c1800 Implicit null exception at 0x000000010b79b813 to 0x000000010b79c365
Event: 3.960 Thread 0x00007f80b69c1800 Implicit null exception at 0x000000010b7c32fe to 0x000000010b7c4281
Event: 3.963 Thread 0x00007f80b69c1800 Exception <a 'java/io/FileNotFoundException'> (0x000000076c32a980) thrown at [/HUDSON3/workspace/8-2-build-macosx-x86_64/jdk8u66/4988/hotspot/src/share/vm/prims/jni.cpp, line 709]
Event: 3.964 Thread 0x00007f80b69c1800 Exception <a 'java/io/FileNotFoundException'> (0x000000076c333d08) thrown at [/HUDSON3/workspace/8-2-build-macosx-x86_64/jdk8u66/4988/hotspot/src/share/vm/prims/jni.cpp, line 709]
Event: 3.987 Thread 0x00007f80b69c1800 Exception <a 'java/io/FileNotFoundException'> (0x000000076c37cc68) thrown at [/HUDSON3/workspace/8-2-build-macosx-x86_64/jdk8u66/4988/hotspot/src/share/vm/prims/jni.cpp, line 709]
Event: 3.989 Thread 0x00007f80b69c1800 Exception <a 'java/io/FileNotFoundException'> (0x000000076c3854d8) thrown at [/HUDSON3/workspace/8-2-build-macosx-x86_64/jdk8u66/4988/hotspot/src/share/vm/prims/jni.cpp, line 709]

Events (10 events):
Event: 8.456 loading class com/apple/laf/AquaUtils$Selectable done
Event: 8.456 loading class com/apple/laf/AquaMenuItemUI$1 done
Event: 8.565 loading class sun/swing/MenuItemLayoutHelper$LayoutResult
Event: 8.565 loading class sun/swing/MenuItemLayoutHelper$LayoutResult done
Event: 8.565 loading class javax/swing/plaf/basic/BasicMenuItemUI$Actions
Event: 8.565 loading class javax/swing/plaf/basic/BasicMenuItemUI$Actions done
Event: 8.570 loading class javax/swing/Popup$DefaultFrame
Event: 8.571 loading class javax/swing/Popup$DefaultFrame done
Event: 8.571 loading class javax/swing/PopupFactory$HeavyWeightPopup$1
Event: 8.571 loading class javax/swing/PopupFactory$HeavyWeightPopup$1 done


Dynamic libraries:
0x00000000072f5000 	/System/Library/Frameworks/Cocoa.framework/Versions/A/Cocoa
0x0000000108593000 	/System/Library/Frameworks/Security.framework/Versions/A/Security
0x00000000072f5000 	/System/Library/Frameworks/ApplicationServices.framework/Versions/A/ApplicationServices
0x00000000072f5000 	/usr/lib/libz.1.dylib
0x00000000072f5000 	/usr/lib/libSystem.B.dylib
0x00000000072f5000 	/usr/lib/libobjc.A.dylib
0x00000000072f5000 	/System/Library/Frameworks/CoreFoundation.framework/Versions/A/CoreFoundation
0x00000000072f5000 	/System/Library/Frameworks/Foundation.framework/Versions/C/Foundation
0x00000000072f5000 	/System/Library/Frameworks/AppKit.framework/Versions/C/AppKit
0x00000000072f5000 	/System/Library/Frameworks/CoreData.framework/Versions/A/CoreData
0x00000000072f5000 	/System/Library/PrivateFrameworks/RemoteViewServices.framework/Versions/A/RemoteViewServices
0x00000000072f5000 	/System/Library/PrivateFrameworks/UIFoundation.framework/Versions/A/UIFoundation
0x00000000072f5000 	/usr/lib/libScreenReader.dylib
0x00000000072f5000 	/System/Library/Frameworks/Accelerate.framework/Versions/A/Accelerate
0x00000000072f5000 	/System/Library/Frameworks/IOSurface.framework/Versions/A/IOSurface
0x00000000072f5000 	/System/Library/Frameworks/AudioToolbox.framework/Versions/A/AudioToolbox
0x00000000072f5000 	/System/Library/Frameworks/AudioUnit.framework/Versions/A/AudioUnit
0x00000000072f5000 	/System/Library/PrivateFrameworks/DataDetectorsCore.framework/Versions/A/DataDetectorsCore
0x00000000072f5000 	/System/Library/PrivateFrameworks/DesktopServicesPriv.framework/Versions/A/DesktopServicesPriv
0x00000000072f5000 	/System/Library/Frameworks/Carbon.framework/Versions/A/Frameworks/HIToolbox.framework/Versions/A/HIToolbox
0x00000000072f5000 	/System/Library/Frameworks/QuartzCore.framework/Versions/A/QuartzCore
0x00000000072f5000 	/System/Library/Frameworks/Carbon.framework/Versions/A/Frameworks/SpeechRecognition.framework/Versions/A/SpeechRecognition
0x00000000072f5000 	/usr/lib/libauto.dylib
0x00000000072f5000 	/usr/lib/libicucore.A.dylib
0x00000000072f5000 	/usr/lib/libxml2.2.dylib
0x00000000072f5000 	/System/Library/PrivateFrameworks/CoreUI.framework/Versions/A/CoreUI
0x00000000072f5000 	/System/Library/Frameworks/CoreAudio.framework/Versions/A/CoreAudio
0x00000000072f5000 	/System/Library/Frameworks/DiskArbitration.framework/Versions/A/DiskArbitration
0x00000000072f5000 	/usr/lib/liblangid.dylib
0x00000000072f5000 	/System/Library/PrivateFrameworks/MultitouchSupport.framework/Versions/A/MultitouchSupport
0x00000000072f5000 	/System/Library/Frameworks/IOKit.framework/Versions/A/IOKit
0x00000000072f5000 	/usr/lib/libDiagnosticMessagesClient.dylib
0x00000000072f5000 	/System/Library/Frameworks/CoreServices.framework/Versions/A/CoreServices
0x00000000072f5000 	/System/Library/PrivateFrameworks/PerformanceAnalysis.framework/Versions/A/PerformanceAnalysis
0x00000000072f5000 	/System/Library/PrivateFrameworks/GenerationalStorage.framework/Versions/A/GenerationalStorage
0x00000000072f5000 	/System/Library/Frameworks/OpenGL.framework/Versions/A/OpenGL
0x00000000072f5000 	/System/Library/PrivateFrameworks/Sharing.framework/Versions/A/Sharing
0x00000000072f5000 	/System/Library/Frameworks/CoreGraphics.framework/Versions/A/CoreGraphics
0x00000000072f5000 	/System/Library/Frameworks/CoreImage.framework/Versions/A/CoreImage
0x00000000072f5000 	/System/Library/Frameworks/CoreText.framework/Versions/A/CoreText
0x00000000072f5000 	/System/Library/Frameworks/ImageIO.framework/Versions/A/ImageIO
0x00000000072f5000 	/System/Library/PrivateFrameworks/Backup.framework/Versions/A/Backup
0x00000000072f5000 	/usr/lib/libextension.dylib
0x00000000072f5000 	/usr/lib/libarchive.2.dylib
0x00000001089ae000 	/System/Library/Frameworks/CFNetwork.framework/Versions/A/CFNetwork
0x00000000072f5000 	/System/Library/Frameworks/SystemConfiguration.framework/Versions/A/SystemConfiguration
0x00000000072f5000 	/usr/lib/libCRFSuite.dylib
0x00000000072f5000 	/usr/lib/libc++.1.dylib
0x00000000072f5000 	/usr/lib/libc++abi.dylib
0x00000000072f5000 	/usr/lib/system/libcache.dylib
0x00000000072f5000 	/usr/lib/system/libcommonCrypto.dylib
0x00000000072f5000 	/usr/lib/system/libcompiler_rt.dylib
0x00000000072f5000 	/usr/lib/system/libcopyfile.dylib
0x00000000072f5000 	/usr/lib/system/libcorecrypto.dylib
0x00000000072f5000 	/usr/lib/system/libdispatch.dylib
0x00000000072f5000 	/usr/lib/system/libdyld.dylib
0x00000000072f5000 	/usr/lib/system/libkeymgr.dylib
0x00000000072f5000 	/usr/lib/system/liblaunch.dylib
0x00000000072f5000 	/usr/lib/system/libmacho.dylib
0x00000000072f5000 	/usr/lib/system/libquarantine.dylib
0x00000000072f5000 	/usr/lib/system/libremovefile.dylib
0x00000000072f5000 	/usr/lib/system/libsystem_asl.dylib
0x00000000072f5000 	/usr/lib/system/libsystem_blocks.dylib
0x00000000072f5000 	/usr/lib/system/libsystem_c.dylib
0x00000000072f5000 	/usr/lib/system/libsystem_configuration.dylib
0x00000000072f5000 	/usr/lib/system/libsystem_coreservices.dylib
0x00000000072f5000 	/usr/lib/system/libsystem_coretls.dylib
0x00000000072f5000 	/usr/lib/system/libsystem_dnssd.dylib
0x00000000072f5000 	/usr/lib/system/libsystem_info.dylib
0x00000000072f5000 	/usr/lib/system/libsystem_kernel.dylib
0x00000000072f5000 	/usr/lib/system/libsystem_m.dylib
0x00000000072f5000 	/usr/lib/system/libsystem_malloc.dylib
0x00000000072f5000 	/usr/lib/system/libsystem_network.dylib
0x00000000072f5000 	/usr/lib/system/libsystem_networkextension.dylib
0x00000000072f5000 	/usr/lib/system/libsystem_notify.dylib
0x00000000072f5000 	/usr/lib/system/libsystem_platform.dylib
0x00000000072f5000 	/usr/lib/system/libsystem_pthread.dylib
0x00000000072f5000 	/usr/lib/system/libsystem_sandbox.dylib
0x00000000072f5000 	/usr/lib/system/libsystem_secinit.dylib
0x00000000072f5000 	/usr/lib/system/libsystem_trace.dylib
0x00000000072f5000 	/usr/lib/system/libunc.dylib
0x00000000072f5000 	/usr/lib/system/libunwind.dylib
0x00000000072f5000 	/usr/lib/system/libxpc.dylib
0x00000000072f5000 	/usr/lib/libenergytrace.dylib
0x00000000072f5000 	/usr/lib/libbsm.0.dylib
0x00000000072f5000 	/usr/lib/system/libkxld.dylib
0x00000000072f5000 	/usr/lib/libxar.1.dylib
0x00000000072f5000 	/usr/lib/libsqlite3.dylib
0x00000000072f5000 	/usr/lib/libpam.2.dylib
0x00000000072f5000 	/usr/lib/libOpenScriptingUtil.dylib
0x00000000072f5000 	/usr/lib/libbz2.1.0.dylib
0x00000000072f5000 	/usr/lib/liblzma.5.dylib
0x00000000072f5000 	/System/Library/Frameworks/CoreServices.framework/Versions/A/Frameworks/FSEvents.framework/Versions/A/FSEvents
0x00000000072f5000 	/System/Library/Frameworks/CoreServices.framework/Versions/A/Frameworks/CarbonCore.framework/Versions/A/CarbonCore
0x00000000072f5000 	/System/Library/Frameworks/CoreServices.framework/Versions/A/Frameworks/Metadata.framework/Versions/A/Metadata
0x00000000072f5000 	/System/Library/Frameworks/CoreServices.framework/Versions/A/Frameworks/OSServices.framework/Versions/A/OSServices
0x00000000072f5000 	/System/Library/Frameworks/CoreServices.framework/Versions/A/Frameworks/SearchKit.framework/Versions/A/SearchKit
0x00000000072f5000 	/System/Library/Frameworks/CoreServices.framework/Versions/A/Frameworks/AE.framework/Versions/A/AE
0x00000000072f5000 	/System/Library/Frameworks/CoreServices.framework/Versions/A/Frameworks/LaunchServices.framework/Versions/A/LaunchServices
0x00000000072f5000 	/System/Library/Frameworks/CoreServices.framework/Versions/A/Frameworks/DictionaryServices.framework/Versions/A/DictionaryServices
0x00000000072f5000 	/System/Library/Frameworks/CoreServices.framework/Versions/A/Frameworks/SharedFileList.framework/Versions/A/SharedFileList
0x00000000072f5000 	/System/Library/Frameworks/NetFS.framework/Versions/A/NetFS
0x00000000072f5000 	/System/Library/PrivateFrameworks/NetAuth.framework/Versions/A/NetAuth
0x00000000072f5000 	/System/Library/PrivateFrameworks/login.framework/Versions/A/Frameworks/loginsupport.framework/Versions/A/loginsupport
0x00000000072f5000 	/System/Library/PrivateFrameworks/TCC.framework/Versions/A/TCC
0x00000000072f5000 	/usr/lib/libmecabra.dylib
0x00000000072f5000 	/System/Library/Frameworks/ApplicationServices.framework/Versions/A/Frameworks/ATS.framework/Versions/A/ATS
0x00000000072f5000 	/System/Library/Frameworks/ApplicationServices.framework/Versions/A/Frameworks/ColorSync.framework/Versions/A/ColorSync
0x00000000072f5000 	/System/Library/Frameworks/ApplicationServices.framework/Versions/A/Frameworks/HIServices.framework/Versions/A/HIServices
0x00000000072f5000 	/System/Library/Frameworks/ApplicationServices.framework/Versions/A/Frameworks/LangAnalysis.framework/Versions/A/LangAnalysis
0x00000000072f5000 	/System/Library/Frameworks/ApplicationServices.framework/Versions/A/Frameworks/PrintCore.framework/Versions/A/PrintCore
0x00000000072f5000 	/System/Library/Frameworks/ApplicationServices.framework/Versions/A/Frameworks/QD.framework/Versions/A/QD
0x00000000072f5000 	/System/Library/Frameworks/ApplicationServices.framework/Versions/A/Frameworks/SpeechSynthesis.framework/Versions/A/SpeechSynthesis
0x00000000072f5000 	/System/Library/Frameworks/Metal.framework/Versions/A/Metal
0x00000000072f5000 	/System/Library/Frameworks/Accelerate.framework/Versions/A/Frameworks/vImage.framework/Versions/A/vImage
0x00000000072f5000 	/System/Library/Frameworks/Accelerate.framework/Versions/A/Frameworks/vecLib.framework/Versions/A/vecLib
0x00000000072f5000 	/System/Library/Frameworks/Accelerate.framework/Versions/A/Frameworks/vecLib.framework/Versions/A/libvDSP.dylib
0x00000000072f5000 	/System/Library/Frameworks/Accelerate.framework/Versions/A/Frameworks/vecLib.framework/Versions/A/libvMisc.dylib
0x00000000072f5000 	/System/Library/Frameworks/Accelerate.framework/Versions/A/Frameworks/vecLib.framework/Versions/A/libLAPACK.dylib
0x00000000072f5000 	/System/Library/Frameworks/Accelerate.framework/Versions/A/Frameworks/vecLib.framework/Versions/A/libBLAS.dylib
0x00000000072f5000 	/System/Library/Frameworks/Accelerate.framework/Versions/A/Frameworks/vecLib.framework/Versions/A/libLinearAlgebra.dylib
0x00000000072f5000 	/System/Library/Frameworks/Accelerate.framework/Versions/A/Frameworks/vecLib.framework/Versions/A/libSparseBLAS.dylib
0x00000000072f5000 	/System/Library/PrivateFrameworks/GPUCompiler.framework/libmetal_timestamp.dylib
0x00000000072f5000 	/System/Library/Frameworks/OpenGL.framework/Versions/A/Libraries/libCoreFSCache.dylib
0x00000000072f5000 	/System/Library/PrivateFrameworks/IOAccelerator.framework/Versions/A/IOAccelerator
0x00000000072f5000 	/System/Library/Frameworks/ApplicationServices.framework/Versions/A/Frameworks/ATS.framework/Versions/A/Resources/libFontParser.dylib
0x00000000072f5000 	/System/Library/Frameworks/ApplicationServices.framework/Versions/A/Frameworks/ATS.framework/Versions/A/Resources/libFontRegistry.dylib
0x00000000072f5000 	/System/Library/PrivateFrameworks/AppleVPA.framework/Versions/A/AppleVPA
0x00000000072f5000 	/System/Library/PrivateFrameworks/AppleJPEG.framework/Versions/A/AppleJPEG
0x00000000072f5000 	/System/Library/Frameworks/ImageIO.framework/Versions/A/Resources/libJPEG.dylib
0x00000000072f5000 	/System/Library/Frameworks/ImageIO.framework/Versions/A/Resources/libTIFF.dylib
0x00000000072f5000 	/System/Library/Frameworks/ImageIO.framework/Versions/A/Resources/libPng.dylib
0x00000000072f5000 	/System/Library/Frameworks/ImageIO.framework/Versions/A/Resources/libGIF.dylib
0x00000000072f5000 	/System/Library/Frameworks/ImageIO.framework/Versions/A/Resources/libJP2.dylib
0x00000000072f5000 	/System/Library/Frameworks/ImageIO.framework/Versions/A/Resources/libRadiance.dylib
0x00000000072f5000 	/System/Library/Frameworks/CoreVideo.framework/Versions/A/CoreVideo
0x00000000072f5000 	/System/Library/Frameworks/OpenGL.framework/Versions/A/Libraries/libGLU.dylib
0x00000000072f5000 	/System/Library/Frameworks/OpenGL.framework/Versions/A/Libraries/libGFXShared.dylib
0x00000000072f5000 	/System/Library/Frameworks/OpenGL.framework/Versions/A/Libraries/libGL.dylib
0x00000000072f5000 	/System/Library/Frameworks/OpenGL.framework/Versions/A/Libraries/libGLImage.dylib
0x00000000072f5000 	/System/Library/Frameworks/OpenGL.framework/Versions/A/Libraries/libCVMSPluginSupport.dylib
0x00000000072f5000 	/System/Library/Frameworks/OpenGL.framework/Versions/A/Libraries/libCoreVMClient.dylib
0x00000000072f5000 	/usr/lib/libcompression.dylib
0x00000000072f5000 	/usr/lib/libcups.2.dylib
0x00000000072f5000 	/System/Library/Frameworks/Kerberos.framework/Versions/A/Kerberos
0x00000000072f5000 	/System/Library/Frameworks/GSS.framework/Versions/A/GSS
0x00000000072f5000 	/usr/lib/libresolv.9.dylib
0x00000000072f5000 	/usr/lib/libiconv.2.dylib
0x00000000072f5000 	/System/Library/PrivateFrameworks/Heimdal.framework/Versions/A/Heimdal
0x00000000072f5000 	/usr/lib/libheimdal-asn1.dylib
0x00000000072f5000 	/System/Library/Frameworks/OpenDirectory.framework/Versions/A/OpenDirectory
0x00000000072f5000 	/System/Library/PrivateFrameworks/CommonAuth.framework/Versions/A/CommonAuth
0x00000000072f5000 	/System/Library/Frameworks/OpenDirectory.framework/Versions/A/Frameworks/CFOpenDirectory.framework/Versions/A/CFOpenDirectory
0x00000000072f5000 	/System/Library/Frameworks/SecurityFoundation.framework/Versions/A/SecurityFoundation
0x00000000072f5000 	/System/Library/PrivateFrameworks/LanguageModeling.framework/Versions/A/LanguageModeling
0x00000000072f5000 	/usr/lib/libmarisa.dylib
0x00000000072f5000 	/usr/lib/libChineseTokenizer.dylib
0x00000000072f5000 	/usr/lib/libcmph.dylib
0x00000000072f5000 	/System/Library/Frameworks/ServiceManagement.framework/Versions/A/ServiceManagement
0x00000000072f5000 	/usr/lib/libxslt.1.dylib
0x00000000072f5000 	/System/Library/Frameworks/Carbon.framework/Versions/A/Frameworks/Ink.framework/Versions/A/Ink
0x00000000072f5000 	/usr/lib/libFosl_dynamic.dylib
0x00000000072f5000 	/System/Library/PrivateFrameworks/FaceCore.framework/Versions/A/FaceCore
0x00000000072f5000 	/System/Library/Frameworks/OpenCL.framework/Versions/A/OpenCL
0x00000000072f5000 	/System/Library/PrivateFrameworks/CrashReporterSupport.framework/Versions/A/CrashReporterSupport
0x00000000072f5000 	/System/Library/PrivateFrameworks/IconServices.framework/Versions/A/IconServices
0x00000000072f5000 	/System/Library/PrivateFrameworks/Apple80211.framework/Versions/A/Apple80211
0x00000000072f5000 	/System/Library/Frameworks/CoreWLAN.framework/Versions/A/CoreWLAN
0x00000000072f5000 	/System/Library/Frameworks/IOBluetooth.framework/Versions/A/IOBluetooth
0x00000000072f5000 	/System/Library/PrivateFrameworks/CoreWiFi.framework/Versions/A/CoreWiFi
0x00000000072f5000 	/System/Library/Frameworks/CoreBluetooth.framework/Versions/A/CoreBluetooth
0x00000000072f5000 	/System/Library/PrivateFrameworks/ChunkingLibrary.framework/Versions/A/ChunkingLibrary
0x00000000072f5000 	/System/Library/PrivateFrameworks/DebugSymbols.framework/Versions/A/DebugSymbols
0x00000000072f5000 	/System/Library/PrivateFrameworks/CoreSymbolication.framework/Versions/A/CoreSymbolication
0x00000000072f5000 	/System/Library/PrivateFrameworks/Symbolication.framework/Versions/A/Symbolication
0x00000000072f5000 	/System/Library/PrivateFrameworks/SpeechRecognitionCore.framework/Versions/A/SpeechRecognitionCore
0x000000010a200000 	/Library/Java/JavaVirtualMachines/jdk1.8.0_66.jdk/Contents/Home/jre/lib/server/libjvm.dylib
0x00000000072f5000 	/usr/lib/libstdc++.6.dylib
0x0000000109084000 	/Library/Java/JavaVirtualMachines/jdk1.8.0_66.jdk/Contents/Home/jre/lib/libverify.dylib
0x0000000109092000 	/Library/Java/JavaVirtualMachines/jdk1.8.0_66.jdk/Contents/Home/jre/lib/libjava.dylib
0x00000001090c8000 	/Library/Java/JavaVirtualMachines/jdk1.8.0_66.jdk/Contents/Home/jre/lib/libinstrument.dylib
0x0000000109126000 	/Library/Java/JavaVirtualMachines/jdk1.8.0_66.jdk/Contents/Home/jre/lib/libzip.dylib
0x0000000126148000 	/System/Library/Frameworks/JavaVM.framework/Frameworks/JavaRuntimeSupport.framework/JavaRuntimeSupport
0x0000000126163000 	/System/Library/Frameworks/JavaVM.framework/Versions/A/Frameworks/JavaNativeFoundation.framework/Versions/A/JavaNativeFoundation
0x0000000126178000 	/System/Library/Frameworks/JavaVM.framework/Versions/A/JavaVM
0x00000000072f5000 	/System/Library/Frameworks/Carbon.framework/Versions/A/Carbon
0x0000000126185000 	/System/Library/PrivateFrameworks/JavaLaunching.framework/Versions/A/JavaLaunching
0x00000000072f5000 	/System/Library/Frameworks/Carbon.framework/Versions/A/Frameworks/CommonPanels.framework/Versions/A/CommonPanels
0x00000000072f5000 	/System/Library/Frameworks/Carbon.framework/Versions/A/Frameworks/Help.framework/Versions/A/Help
0x00000000072f5000 	/System/Library/Frameworks/Carbon.framework/Versions/A/Frameworks/ImageCapture.framework/Versions/A/ImageCapture
0x00000000072f5000 	/System/Library/Frameworks/Carbon.framework/Versions/A/Frameworks/OpenScripting.framework/Versions/A/OpenScripting
0x00000000072f5000 	/System/Library/Frameworks/Carbon.framework/Versions/A/Frameworks/Print.framework/Versions/A/Print
0x00000000072f5000 	/System/Library/Frameworks/Carbon.framework/Versions/A/Frameworks/SecurityHI.framework/Versions/A/SecurityHI
0x0000000128600000 	/Library/Java/JavaVirtualMachines/jdk1.8.0_66.jdk/Contents/Home/jre/lib/libnet.dylib
0x0000000128661000 	/Library/Java/JavaVirtualMachines/jdk1.8.0_66.jdk/Contents/Home/jre/lib/libawt.dylib
0x0000000128709000 	/Library/Java/JavaVirtualMachines/jdk1.8.0_66.jdk/Contents/Home/jre/lib/./libmlib_image.dylib
0x00000001287d5000 	/Library/Java/JavaVirtualMachines/jdk1.8.0_66.jdk/Contents/Home/jre/lib/libawt_lwawt.dylib
0x000000012888a000 	/Library/Java/JavaVirtualMachines/jdk1.8.0_66.jdk/Contents/Home/jre/lib/./libosxapp.dylib
0x00000000072f5000 	/System/Library/Frameworks/ExceptionHandling.framework/Versions/A/ExceptionHandling
0x00000000072f5000 	/System/Library/PrivateFrameworks/CoreServicesInternal.framework/Versions/A/CoreServicesInternal
0x00000000072f5000 	/System/Library/Frameworks/CoreGraphics.framework/Versions/A/Resources/libRIP.A.dylib
0x00000000072f5000 	/System/Library/Frameworks/Accelerate.framework/Versions/A/Frameworks/vImage.framework/Versions/A/Libraries/libCGInterfaces.dylib
0x00000000072f5000 	/System/Library/Frameworks/CoreGraphics.framework/Versions/A/Resources/libCGXType.A.dylib
0x00000000072f5000 	/System/Library/Frameworks/OpenCL.framework/Versions/A/Libraries/libcldcpuengine.dylib
0x00000000072f5000 	/System/Library/PrivateFrameworks/DiskImages.framework/Versions/A/DiskImages
0x00000000072f5000 	/System/Library/Frameworks/DiscRecording.framework/Versions/A/DiscRecording
0x00000000072f5000 	/usr/lib/libcsfde.dylib
0x00000000072f5000 	/usr/lib/libcurl.4.dylib
0x00000000072f5000 	/System/Library/PrivateFrameworks/MediaKit.framework/Versions/A/MediaKit
0x00000000072f5000 	/System/Library/PrivateFrameworks/ProtectedCloudStorage.framework/Versions/A/ProtectedCloudStorage
0x00000000072f5000 	/usr/lib/libCoreStorage.dylib
0x00000000072f5000 	/System/Library/PrivateFrameworks/EFILogin.framework/Versions/A/EFILogin
0x00000000072f5000 	/usr/lib/libutil.dylib
0x00000000072f5000 	/System/Library/PrivateFrameworks/FindMyDevice.framework/Versions/A/FindMyDevice
0x00000000072f5000 	/System/Library/Frameworks/LDAP.framework/Versions/A/LDAP
0x00000000072f5000 	/usr/lib/libsasl2.2.dylib
0x00000000072f5000 	/System/Library/PrivateFrameworks/CoreDaemon.framework/Versions/B/CoreDaemon
0x00000000072f5000 	/usr/lib/libcrypto.0.9.8.dylib
0x00000000072f5000 	/System/Library/PrivateFrameworks/AppleSRP.framework/Versions/A/AppleSRP
0x00000000072f5000 	/System/Library/PrivateFrameworks/TrustEvaluationAgent.framework/Versions/A/TrustEvaluationAgent
0x00000001297fd000 	cl_kernels
0x00000000072f5000 	/System/Library/Frameworks/OpenCL.framework/Versions/A/Libraries/ImageFormats/unorm8_bgra.dylib
0x00000000072f5000 	/System/Library/Frameworks/OpenCL.framework/Versions/A/Libraries/ImageFormats/unorm8_rgba.dylib
0x00000000072f5000 	/System/Library/PrivateFrameworks/FamilyControls.framework/Versions/A/FamilyControls
0x00000000072f5000 	/System/Library/PrivateFrameworks/CommerceKit.framework/Versions/A/Frameworks/CommerceCore.framework/Versions/A/CommerceCore
0x00000000072f5000 	/System/Library/PrivateFrameworks/SystemAdministration.framework/Versions/A/SystemAdministration
0x00000000072f5000 	/System/Library/PrivateFrameworks/AppContainer.framework/Versions/A/AppContainer
0x00000000072f5000 	/System/Library/PrivateFrameworks/SecCodeWrapper.framework/Versions/A/SecCodeWrapper
0x00000000072f5000 	/System/Library/Frameworks/DirectoryService.framework/Versions/A/DirectoryService
0x00000000072f5000 	/System/Library/PrivateFrameworks/LoginUIKit.framework/Versions/A/Frameworks/LoginUICore.framework/Versions/A/LoginUICore
0x00000000072f5000 	/usr/lib/libodfde.dylib
0x00000001298f7000 	/Library/Java/JavaVirtualMachines/jdk1.8.0_66.jdk/Contents/Home/jre/lib/libfontmanager.dylib
0x00000001299d6000 	/Library/Java/JavaVirtualMachines/jdk1.8.0_66.jdk/Contents/Home/jre/lib/libnio.dylib
0x000000012954a000 	/private/var/folders/td/djw6lgtj5tx3f27yqjn1qk240000gp/T/jogamp_0000/file_cache/jln6271106923964908699/jln8600969762585133251/libgluegen-rt.jnilib
0x0000000129420000 	/private/var/folders/td/djw6lgtj5tx3f27yqjn1qk240000gp/T/jogamp_0000/file_cache/jln6271106923964908699/jln8600969762585133251/libnativewindow_awt.jnilib
0x0000000129423000 	/Library/Java/JavaVirtualMachines/jdk1.8.0_66.jdk/Contents/Home/jre/lib/libjawt.dylib
0x000000012a7a2000 	/System/Library/Frameworks/OpenGL.framework/Resources/GLEngine.bundle/GLEngine
0x00000000072f5000 	/System/Library/Frameworks/OpenGL.framework/Versions/A/Libraries/libGLProgrammability.dylib
0x000000012bf2e000 	/System/Library/Extensions/AppleIntelHD5000GraphicsGLDriver.bundle/Contents/MacOS/AppleIntelHD5000GraphicsGLDriver
0x00000000072f5000 	/System/Library/PrivateFrameworks/GPUSupport.framework/Versions/A/Libraries/libGPUSupportMercury.dylib
0x000000012bbd8000 	/System/Library/Extensions/AMDRadeonX4000GLDriver.bundle/Contents/MacOS/AMDRadeonX4000GLDriver
0x000000012c67d000 	/System/Library/Extensions/AMDRadeonX4000GLDriver.bundle/Contents/MacOS/ATIRadeonX4000SCLib.dylib
0x00000001297a8000 	/System/Library/Frameworks/OpenGL.framework/Resources//GLRendererFloat.bundle/GLRendererFloat
0x000000012a98a000 	/private/var/folders/td/djw6lgtj5tx3f27yqjn1qk240000gp/T/jogamp_0000/file_cache/jln6271106923964908699/jln8600969762585133251/libnativewindow_macosx.jnilib
0x000000012d0a0000 	/private/var/folders/td/djw6lgtj5tx3f27yqjn1qk240000gp/T/jogamp_0000/file_cache/jln6271106923964908699/jln8600969762585133251/libjogl_desktop.jnilib
0x000000012a6d0000 	/Library/Java/JavaVirtualMachines/jdk1.8.0_66.jdk/Contents/Home/jre/lib/libosx.dylib
0x000000012a6de000 	/Library/Java/JavaVirtualMachines/jdk1.8.0_66.jdk/Contents/Home/jre/lib/libosxui.dylib
0x00000000072f5000 	/System/Library/Frameworks/ApplicationServices.framework/Versions/A/Frameworks/ATS.framework/Versions/A/Resources/libTrueTypeScaler.dylib
0x0000000194461000 	/System/Library/Extensions/AMDMTLBronzeDriver.bundle/Contents/MacOS/AMDMTLBronzeDriver
0x00000000072f5000 	/System/Library/PrivateFrameworks/IOAccelMemoryInfo.framework/Versions/A/IOAccelMemoryInfo
0x00000001945c0000 	/System/Library/Extensions/AppleIntelHD5000GraphicsMTLDriver.bundle/Contents/MacOS/AppleIntelHD5000GraphicsMTLDriver
0x00000000072f5000 	/System/Library/PrivateFrameworks/CloudDocs.framework/Versions/A/CloudDocs
0x00000000072f5000 	/System/Library/PrivateFrameworks/CoreDuet.framework/Versions/A/CoreDuet
0x00000000072f5000 	/System/Library/Frameworks/CloudKit.framework/Versions/A/CloudKit
0x00000000072f5000 	/System/Library/PrivateFrameworks/ProtocolBuffer.framework/Versions/A/ProtocolBuffer
0x00000000072f5000 	/System/Library/PrivateFrameworks/CoreDuetDaemonProtocol.framework/Versions/A/CoreDuetDaemonProtocol
0x00000000072f5000 	/System/Library/PrivateFrameworks/CoreDuetDebugLogging.framework/Versions/A/CoreDuetDebugLogging
0x00000000072f5000 	/System/Library/PrivateFrameworks/MMCS.framework/Versions/A/MMCS
0x00000000072f5000 	/System/Library/Frameworks/CoreLocation.framework/Versions/A/CoreLocation
0x00000000072f5000 	/System/Library/PrivateFrameworks/AssetCacheServices.framework/Versions/A/AssetCacheServices
0x00000000072f5000 	/System/Library/PrivateFrameworks/GeoServices.framework/Versions/A/GeoServices
0x000000012e0f0000 	/Library/Java/JavaVirtualMachines/jdk1.8.0_66.jdk/Contents/Home/jre/lib/libdcpr.dylib

VM Arguments:
jvm_args: -javaagent:/Applications/IntelliJ IDEA.app/Contents/lib/idea_rt.jar=51930:/Applications/IntelliJ IDEA.app/Contents/bin -Dfile.encoding=UTF-8 
java_command: com.intellij.uiDesigner.snapShooter.SnapShooter 121 51929 cct.JamberooMolecularEditor
java_class_path (initial): /Applications/IntelliJ IDEA.app/Contents/plugins/uiDesigner/lib/uiDesigner.jar:/Applications/IntelliJ IDEA.app/Contents/lib/xercesImpl.jar:/Applications/IntelliJ IDEA.app/Contents/lib/util.jar:/Applications/IntelliJ IDEA.app/Contents/lib/trove4j.jar:/Applications/IntelliJ IDEA.app/Contents/lib/snappy-in-java-0.5.1.jar:/Applications/IntelliJ IDEA.app/Contents/lib/resources_en.jar:/Applications/IntelliJ IDEA.app/Contents/lib/oromatcher.jar:/Applications/IntelliJ IDEA.app/Contents/lib/openapi.jar:/Applications/IntelliJ IDEA.app/Contents/lib/log4j.jar:/Applications/IntelliJ IDEA.app/Contents/lib/jna.jar:/Applications/IntelliJ IDEA.app/Contents/lib/jna-platform.jar:/Applications/IntelliJ IDEA.app/Contents/lib/jgoodies-forms.jar:/Applications/IntelliJ IDEA.app/Contents/lib/jdom.jar:/Applications/IntelliJ IDEA.app/Contents/lib/idea.jar:/Applications/IntelliJ IDEA.app/Contents/lib/forms_rt.jar:/Applications/IntelliJ IDEA.app/Contents/lib/extensions.jar:/Applications/IntelliJ IDEA.app/Contents/lib/batik-all.jar:/Applications/IntelliJ IDEA.app/Contents/lib/annotations.jar:/Library/Java/JavaVirtualMachines/jdk1.8.0_66.jdk/Contents/Home/jre/lib/charsets.jar:/Library/Java/JavaVirtualMachines/jdk1.8.0_66.jdk/Contents/Home/jre/lib/deploy.jar:/Library/Java/JavaVirtualMachines/jdk1.8.0_66.jdk/Contents/Home/jre/lib/ext/cldrdata.jar:/Library/Java/JavaVirtualMachines/jdk1.8.0_66.jdk/Contents/Home/jre/lib/ext/dnsns.jar:/Library/Java/JavaVirtualMachines/jdk1.8.0_66.jdk/Contents/Home/jre/lib/ext/jaccess.jar:/Library/Java/JavaVirtualMachines/jdk1.8.0_66.jdk/Contents/Home/jre/lib/ext/jfxrt.jar:/Library/Java/JavaVirtualMachines/jdk1.8.0_66.jdk/Contents/Home/jre/lib/ext/localedata.jar:/Library/Java/JavaVirtualMachines/jdk1.8.0_66.jdk/Contents/Home/jre/lib/ext/nashorn.jar:/Library/Java/JavaVirtualMachines/jdk1.8.0_66.jdk/Contents/Home/jre/lib/ext/sunec.jar:/Library/Java/JavaVirtualMachines/jdk1.8.0_66.jdk/Contents/Home/jre/lib/ext/sunjce_provider.jar:/Library/Java/
Launcher Type: SUN_STANDARD

Environment Variables:
JAVA_HOME=/Library/Java/JavaVirtualMachines/jdk1.8.0_66.jdk/Contents/Home
PATH=/Users/spamidig1/anaconda/bin:/Users/spamidig1/anaconda/bin://anaconda/bin:/usr/bin:/bin:/usr/sbin:/sbin:/usr/local/bin:/opt/X11/bin:/Users/spamidig/Applications/apache-ant-1.9.4/bin:/Users/spamidig/Applications/apache-maven-3.2.3/bin
SHELL=/bin/bash
DISPLAY=/private/tmp/com.apple.launchd.zl7yJOdFoM/org.macosforge.xquartz:0

Signal Handlers:
SIGSEGV: [libjvm.dylib+0x5a65d5], sa_mask[0]=11111111011111110111111111111111, sa_flags=SA_ONSTACK|SA_RESTART|SA_SIGINFO
SIGBUS: [libjvm.dylib+0x5a65d5], sa_mask[0]=11111111011111110111111111111111, sa_flags=SA_RESTART|SA_SIGINFO
SIGFPE: [libjvm.dylib+0x4802e8], sa_mask[0]=11111111011111110111111111111111, sa_flags=SA_RESTART|SA_SIGINFO
SIGPIPE: [libjvm.dylib+0x4802e8], sa_mask[0]=11111111011111110111111111111111, sa_flags=SA_RESTART|SA_SIGINFO
SIGXFSZ: [libjvm.dylib+0x4802e8], sa_mask[0]=11111111011111110111111111111111, sa_flags=SA_RESTART|SA_SIGINFO
SIGILL: [libjvm.dylib+0x4802e8], sa_mask[0]=11111111011111110111111111111111, sa_flags=SA_RESTART|SA_SIGINFO
SIGUSR1: SIG_DFL, sa_mask[0]=00000000000000000000000000000000, sa_flags=none
SIGUSR2: [libjvm.dylib+0x47fe06], sa_mask[0]=00100000000000000000000000000000, sa_flags=SA_RESTART|SA_SIGINFO
SIGHUP: [libjvm.dylib+0x47e3dd], sa_mask[0]=11111111011111110111111111111111, sa_flags=SA_RESTART|SA_SIGINFO
SIGINT: [libjvm.dylib+0x47e3dd], sa_mask[0]=11111111011111110111111111111111, sa_flags=SA_RESTART|SA_SIGINFO
SIGTERM: [libjvm.dylib+0x47e3dd], sa_mask[0]=11111111011111110111111111111111, sa_flags=SA_RESTART|SA_SIGINFO
SIGQUIT: [libjvm.dylib+0x47e3dd], sa_mask[0]=11111111011111110111111111111111, sa_flags=SA_RESTART|SA_SIGINFO


---------------  S Y S T E M  ---------------

OS:Bsduname:Darwin 15.6.0 Darwin Kernel Version 15.6.0: Fri Feb 17 10:21:18 PST 2017; root:xnu-3248.60.11.4.1~1/RELEASE_X86_64 x86_64
rlimit: STACK 8192k, CORE 0k, NPROC 709, NOFILE 10240, AS infinity
load average:2.34 3.30 3.36

CPU:total 8 (4 cores per cpu, 2 threads per core) family 6 model 70 stepping 1, cmov, cx8, fxsr, mmx, sse, sse2, sse3, ssse3, sse4.1, sse4.2, popcnt, avx, avx2, aes, clmul, erms, lzcnt, ht, tsc, tscinvbit, bmi1, bmi2

Memory: 4k page, physical 16777216k(599864k free)

/proc/meminfo:


vm_info: Java HotSpot(TM) 64-Bit Server VM (25.66-b17) for bsd-amd64 JRE (1.8.0_66-b17), built on Oct  6 2015 16:09:13 by "java_re" with gcc 4.2.1 (Based on Apple Inc. build 5658) (LLVM build 2336.11.00)

time: Thu Apr 27 14:51:18 2017
elapsed time: 8 seconds (0d 0h 0m 8s)

